生成启动时间为 2017/1/10 星期二 上午 11:30:00。
     1>项目“C:\Users\Administrator\Desktop\code for ANN\Chapter07\smart sweepers - people\smart sweepers.vcxproj”在节点 2 上(Build 个目标)。
     1>ClCompile:
         D:\Microsoft Visual Studio 2013\VC\bin\CL.exe /c /ZI /nologo /W3 /WX- /Od /Oy- /D WIN32 /D _DEBUG /D _WINDOWS /D _VC80_UPGRADE=0x0600 /D _MBCS /Gm /EHsc /RTC1 /MTd /GS /Gy- /fp:precise /Zc:wchar_t /Zc:forScope /Fo".\Debug\\" /Fd".\Debug\vc120.pdb" /Gd /TP /analyze- /errorReport:prompt CController.cpp
         CController.cpp
     1>c:\users\administrator\desktop\code for ann\chapter07\smart sweepers - people\cminesweeper.h(92): warning C4552: “-”: 运算符不起任何作用；应输入带副作用的运算符
     1>c:\users\administrator\desktop\code for ann\chapter07\smart sweepers - people\ccontroller.cpp(290): warning C4018: “<”: 有符号/无符号不匹配
     1>c:\users\administrator\desktop\code for ann\chapter07\smart sweepers - people\ccontroller.cpp(311): warning C4018: “<”: 有符号/无符号不匹配
     1>c:\users\administrator\desktop\code for ann\chapter07\smart sweepers - people\ccontroller.cpp(392): warning C4244: “参数”: 从“double”转换到“float”，可能丢失数据
     1>c:\users\administrator\desktop\code for ann\chapter07\smart sweepers - people\ccontroller.cpp(395): warning C4244: “参数”: 从“double”转换到“float”，可能丢失数据
     1>c:\users\administrator\desktop\code for ann\chapter07\smart sweepers - people\ccontroller.cpp(400): warning C4244: “初始化”: 从“double”转换到“float”，可能丢失数据
     1>c:\users\administrator\desktop\code for ann\chapter07\smart sweepers - people\ccontroller.cpp(409): warning C4018: “<”: 有符号/无符号不匹配
     1>c:\users\administrator\desktop\code for ann\chapter07\smart sweepers - people\ccontroller.cpp(423): warning C4018: “<”: 有符号/无符号不匹配
       Link:
         D:\Microsoft Visual Studio 2013\VC\bin\link.exe /ERRORREPORT:PROMPT /OUT:".\Debug\smart sweepers.exe" /INCREMENTAL /NOLOGO odbc32.lib odbccp32.lib kernel32.lib user32.lib gdi32.lib winspool.lib comdlg32.lib advapi32.lib shell32.lib ole32.lib oleaut32.lib uuid.lib odbc32.lib odbccp32.lib /MANIFEST /MANIFESTUAC:"level='asInvoker' uiAccess='false'" /manifest:embed /DEBUG /PDB:".\Debug\smart sweepers.pdb" /SUBSYSTEM:WINDOWS /TLBID:1 /DYNAMICBASE /NXCOMPAT /IMPLIB:".\Debug\smart sweepers.lib" /MACHINE:X86 /SAFESEH .\Debug\Script1.res
         .\Debug\C2DMatrix.obj
         .\Debug\CController.obj
         .\Debug\CGenAlg.obj
         .\Debug\CMinesweeper.obj
         .\Debug\CNeuralNet.obj
         .\Debug\CParams.obj
         .\Debug\CTimer.obj
         .\Debug\main.obj
         .\Debug\utils.obj
         smart sweepers.vcxproj -> C:\Users\Administrator\Desktop\code for ANN\Chapter07\smart sweepers - people\.\Debug\smart sweepers.exe
     1>已完成生成项目“C:\Users\Administrator\Desktop\code for ANN\Chapter07\smart sweepers - people\smart sweepers.vcxproj”(Build 个目标)的操作。

生成成功。

已用时间 00:00:01.04
